<?xml version="1.0" encoding="utf-8"?>
<!DOCTYPE coverage SYSTEM "http://cobertura.sourceforge.net/xml/coverage-04.dtd">
<coverage line-rate="0.983739837398374" branch-rate="0.97" lines-covered="726" lines-valid="738" branches-covered="97" branches-valid="100" complexity="174" version="0" timestamp="1611081223">
  <sources>
    <source>D:\Ders\Web Programlama\BookSocialMedia\LoginUser\</source>
    <source>C:\</source>
  </sources>
  <packages>
    <package name="LoginUser.Domain" line-rate="0.8260869565217391" branch-rate="1" complexity="23">
      <classes>
        <class name="LoginUser.Domain.Book" filename="D:\Ders\Web Programlama\BookSocialMedia\LoginUser\LoginUser.Domain\Book.cs" line-rate="1" branch-rate="1" complexity="5">
          <methods>
            <method name="get_userName" signature="()" line-rate="1" branch-rate="1" complexity="1">
              <lines>
                <line number="9" hits="62" branch="false" />
              </lines>
            </method>
            <method name="get_bookName" signature="()" line-rate="1" branch-rate="1" complexity="1">
              <lines>
                <line number="10" hits="353" branch="false" />
              </lines>
            </method>
            <method name="get_likeCount" signature="()" line-rate="1" branch-rate="1" complexity="1">
              <lines>
                <line number="11" hits="27" branch="false" />
              </lines>
            </method>
            <method name="get_comment" signature="()" line-rate="1" branch-rate="1" complexity="1">
              <lines>
                <line number="12" hits="26" branch="false" />
              </lines>
            </method>
            <method name="get_createdDate" signature="()" line-rate="1" branch-rate="1" complexity="1">
              <lines>
                <line number="13" hits="12" branch="false" />
              </lines>
            </method>
          </methods>
          <lines>
            <line number="9" hits="62" branch="false" />
            <line number="10" hits="353" branch="false" />
            <line number="11" hits="27" branch="false" />
            <line number="12" hits="26" branch="false" />
            <line number="13" hits="12" branch="false" />
          </lines>
        </class>
        <class name="LoginUser.Domain.BookResult" filename="D:\Ders\Web Programlama\BookSocialMedia\LoginUser\LoginUser.Domain\BookResult.cs" line-rate="1" branch-rate="1" complexity="1">
          <methods>
            <method name="get_message" signature="()" line-rate="1" branch-rate="1" complexity="1">
              <lines>
                <line number="9" hits="15" branch="false" />
              </lines>
            </method>
          </methods>
          <lines>
            <line number="9" hits="15" branch="false" />
          </lines>
        </class>
        <class name="LoginUser.Domain.CompositeBookComment" filename="D:\Ders\Web Programlama\BookSocialMedia\LoginUser\LoginUser.Domain\CompositeBookComment.cs" line-rate="0" branch-rate="1" complexity="2">
          <methods>
            <method name="get_book" signature="()" line-rate="0" branch-rate="1" complexity="1">
              <lines>
                <line number="9" hits="0" branch="false" />
              </lines>
            </method>
            <method name="get_newComment" signature="()" line-rate="0" branch-rate="1" complexity="1">
              <lines>
                <line number="10" hits="0" branch="false" />
              </lines>
            </method>
          </methods>
          <lines>
            <line number="9" hits="0" branch="false" />
            <line number="10" hits="0" branch="false" />
          </lines>
        </class>
        <class name="LoginUser.Domain.CompositeObject" filename="D:\Ders\Web Programlama\BookSocialMedia\LoginUser\LoginUser.Domain\CompositeObject.cs" line-rate="0" branch-rate="1" complexity="2">
          <methods>
            <method name="get_book" signature="()" line-rate="0" branch-rate="1" complexity="1">
              <lines>
                <line number="9" hits="0" branch="false" />
              </lines>
            </method>
            <method name="get_user" signature="()" line-rate="0" branch-rate="1" complexity="1">
              <lines>
                <line number="10" hits="0" branch="false" />
              </lines>
            </method>
          </methods>
          <lines>
            <line number="9" hits="0" branch="false" />
            <line number="10" hits="0" branch="false" />
          </lines>
        </class>
        <class name="LoginUser.Domain.LoginRequest" filename="D:\Ders\Web Programlama\BookSocialMedia\LoginUser\LoginUser.Domain\LoginRequest.cs" line-rate="1" branch-rate="1" complexity="2">
          <methods>
            <method name="get_userName" signature="()" line-rate="1" branch-rate="1" complexity="1">
              <lines>
                <line number="9" hits="53" branch="false" />
              </lines>
            </method>
            <method name="get_password" signature="()" line-rate="1" branch-rate="1" complexity="1">
              <lines>
                <line number="10" hits="9" branch="false" />
              </lines>
            </method>
          </methods>
          <lines>
            <line number="9" hits="53" branch="false" />
            <line number="10" hits="9" branch="false" />
          </lines>
        </class>
        <class name="LoginUser.Domain.LoginResult" filename="D:\Ders\Web Programlama\BookSocialMedia\LoginUser\LoginUser.Domain\LoginResult.cs" line-rate="1" branch-rate="1" complexity="1">
          <methods>
            <method name="get_message" signature="()" line-rate="1" branch-rate="1" complexity="1">
              <lines>
                <line number="8" hits="5" branch="false" />
              </lines>
            </method>
          </methods>
          <lines>
            <line number="8" hits="5" branch="false" />
          </lines>
        </class>
        <class name="LoginUser.Domain.ResultMessage" filename="D:\Ders\Web Programlama\BookSocialMedia\LoginUser\LoginUser.Domain\ResultMessage.cs" line-rate="1" branch-rate="1" complexity="1">
          <methods>
            <method name="get_isSuccess" signature="()" line-rate="1" branch-rate="1" complexity="1">
              <lines>
                <line number="5" hits="49" branch="false" />
              </lines>
            </method>
          </methods>
          <lines>
            <line number="5" hits="49" branch="false" />
          </lines>
        </class>
        <class name="LoginUser.Domain.User" filename="D:\Ders\Web Programlama\BookSocialMedia\LoginUser\LoginUser.Domain\User.cs" line-rate="1" branch-rate="1" complexity="7">
          <methods>
            <method name="get_eMail" signature="()" line-rate="1" branch-rate="1" complexity="1">
              <lines>
                <line number="9" hits="20" branch="false" />
              </lines>
            </method>
            <method name="get_UserName" signature="()" line-rate="1" branch-rate="1" complexity="1">
              <lines>
                <line number="10" hits="584" branch="false" />
              </lines>
            </method>
            <method name="get_Name" signature="()" line-rate="1" branch-rate="1" complexity="1">
              <lines>
                <line number="11" hits="22" branch="false" />
              </lines>
            </method>
            <method name="get_Password" signature="()" line-rate="1" branch-rate="1" complexity="1">
              <lines>
                <line number="12" hits="27" branch="false" />
              </lines>
            </method>
            <method name="get_likesBookList" signature="()" line-rate="1" branch-rate="1" complexity="1">
              <lines>
                <line number="13" hits="98" branch="false" />
              </lines>
            </method>
            <method name="get_readBookList" signature="()" line-rate="1" branch-rate="1" complexity="1">
              <lines>
                <line number="14" hits="182" branch="false" />
              </lines>
            </method>
            <method name="get_CreatedDate" signature="()" line-rate="1" branch-rate="1" complexity="1">
              <lines>
                <line number="15" hits="5" branch="false" />
              </lines>
            </method>
          </methods>
          <lines>
            <line number="9" hits="20" branch="false" />
            <line number="10" hits="584" branch="false" />
            <line number="11" hits="22" branch="false" />
            <line number="12" hits="27" branch="false" />
            <line number="13" hits="98" branch="false" />
            <line number="14" hits="182" branch="false" />
            <line number="15" hits="5" branch="false" />
          </lines>
        </class>
        <class name="LoginUser.Domain.UserOperationResult" filename="D:\Ders\Web Programlama\BookSocialMedia\LoginUser\LoginUser.Domain\UserOperationResult.cs" line-rate="1" branch-rate="1" complexity="2">
          <methods>
            <method name="get_createdDate" signature="()" line-rate="1" branch-rate="1" complexity="1">
              <lines>
                <line number="7" hits="2" branch="false" />
              </lines>
            </method>
            <method name="get_message" signature="()" line-rate="1" branch-rate="1" complexity="1">
              <lines>
                <line number="8" hits="14" branch="false" />
              </lines>
            </method>
          </methods>
          <lines>
            <line number="7" hits="2" branch="false" />
            <line number="8" hits="14" branch="false" />
          </lines>
        </class>
      </classes>
    </package>
    <package name="LoginUser.Operation" line-rate="0.9834254143646409" branch-rate="0.97" complexity="113">
      <classes>
        <class name="LoginUser.Operation.BookOperation" filename="D:\Ders\Web Programlama\BookSocialMedia\LoginUser\LoginUser.Operation\BookOperation.cs" line-rate="1" branch-rate="1" complexity="9">
          <methods>
            <method name="CreateBook" signature="(...)" line-rate="1" branch-rate="1" complexity="4">
              <lines>
                <line number="19" hits="3" branch="false" />
                <line number="20" hits="3" branch="true" condition-coverage="100% (2/2)" />
                <line number="21" hits="1" branch="false" />
                <line number="22" hits="1" branch="false" />
                <line number="24" hits="2" branch="true" condition-coverage="100% (2/2)" />
                <line number="25" hits="1" branch="false" />
                <line number="26" hits="1" branch="false" />
                <line number="30" hits="1" branch="false" />
                <line number="32" hits="1" branch="false" />
                <line number="33" hits="1" branch="false" />
                <line number="34" hits="1" branch="false" />
                <line number="36" hits="1" branch="false" />
                <line number="38" hits="3" branch="false" />
              </lines>
            </method>
            <method name="ReadBook" signature="()" line-rate="1" branch-rate="1" complexity="1">
              <lines>
                <line number="41" hits="1" branch="false" />
                <line number="43" hits="1" branch="false" />
                <line number="45" hits="1" branch="false" />
                <line number="46" hits="1" branch="false" />
              </lines>
            </method>
            <method name="incrementLikeCount" signature="(...)" line-rate="1" branch-rate="1" complexity="1">
              <lines>
                <line number="49" hits="1" branch="false" />
                <line number="50" hits="1" branch="false" />
                <line number="51" hits="1" branch="false" />
                <line number="52" hits="1" branch="false" />
              </lines>
            </method>
            <method name="WriteCommentToFile" signature="(...)" line-rate="1" branch-rate="1" complexity="1">
              <lines>
                <line number="55" hits="1" branch="false" />
                <line number="56" hits="1" branch="false" />
                <line number="57" hits="1" branch="false" />
                <line number="58" hits="1" branch="false" />
              </lines>
            </method>
            <method name="readControl" signature="(...)" line-rate="1" branch-rate="1" complexity="1">
              <lines>
                <line number="61" hits="1" branch="false" />
                <line number="62" hits="1" branch="false" />
                <line number="63" hits="1" branch="false" />
                <line number="64" hits="1" branch="false" />
              </lines>
            </method>
            <method name=".ctor" signature="(...)" line-rate="1" branch-rate="1" complexity="1">
              <lines>
                <line number="14" hits="7" branch="false" />
                <line number="15" hits="7" branch="false" />
                <line number="16" hits="7" branch="false" />
                <line number="17" hits="7" branch="false" />
              </lines>
            </method>
          </methods>
          <lines>
            <line number="14" hits="7" branch="false" />
            <line number="15" hits="7" branch="false" />
            <line number="16" hits="7" branch="false" />
            <line number="17" hits="7" branch="false" />
            <line number="19" hits="3" branch="false" />
            <line number="20" hits="3" branch="true" condition-coverage="100% (2/2)" />
            <line number="21" hits="1" branch="false" />
            <line number="22" hits="1" branch="false" />
            <line number="24" hits="2" branch="true" condition-coverage="100% (2/2)" />
            <line number="25" hits="1" branch="false" />
            <line number="26" hits="1" branch="false" />
            <line number="30" hits="1" branch="false" />
            <line number="32" hits="1" branch="false" />
            <line number="33" hits="1" branch="false" />
            <line number="34" hits="1" branch="false" />
            <line number="36" hits="1" branch="false" />
            <line number="38" hits="3" branch="false" />
            <line number="41" hits="1" branch="false" />
            <line number="43" hits="1" branch="false" />
            <line number="45" hits="1" branch="false" />
            <line number="46" hits="1" branch="false" />
            <line number="49" hits="1" branch="false" />
            <line number="50" hits="1" branch="false" />
            <line number="51" hits="1" branch="false" />
            <line number="52" hits="1" branch="false" />
            <line number="55" hits="1" branch="false" />
            <line number="56" hits="1" branch="false" />
            <line number="57" hits="1" branch="false" />
            <line number="58" hits="1" branch="false" />
            <line number="61" hits="1" branch="false" />
            <line number="62" hits="1" branch="false" />
            <line number="63" hits="1" branch="false" />
            <line number="64" hits="1" branch="false" />
          </lines>
        </class>
        <class name="LoginUser.Operation.EncryptService" filename="D:\Ders\Web Programlama\BookSocialMedia\LoginUser\LoginUser.Operation\EncryptService.cs" line-rate="0.9090909090909091" branch-rate="0.75" complexity="5">
          <methods>
            <method name="Decrypt" signature="(...)" line-rate="0.8571428571428571" branch-rate="0.75" complexity="4">
              <lines>
                <line number="11" hits="3" branch="false" />
                <line number="12" hits="3" branch="false" />
                <line number="13" hits="2" branch="true" condition-coverage="75% (3/4)" />
                <line number="16" hits="1" branch="false" />
                <line number="20" hits="1" branch="false" />
                <line number="24" hits="0" branch="false" />
                <line number="27" hits="2" branch="false" />
              </lines>
            </method>
            <method name="Encrypt" signature="(...)" line-rate="1" branch-rate="1" complexity="1">
              <lines>
                <line number="30" hits="2" branch="false" />
                <line number="31" hits="2" branch="false" />
                <line number="32" hits="2" branch="false" />
                <line number="33" hits="2" branch="false" />
              </lines>
            </method>
          </methods>
          <lines>
            <line number="11" hits="3" branch="false" />
            <line number="12" hits="3" branch="false" />
            <line number="13" hits="2" branch="true" condition-coverage="75% (3/4)" />
            <line number="16" hits="1" branch="false" />
            <line number="20" hits="1" branch="false" />
            <line number="24" hits="0" branch="false" />
            <line number="27" hits="2" branch="false" />
            <line number="30" hits="2" branch="false" />
            <line number="31" hits="2" branch="false" />
            <line number="32" hits="2" branch="false" />
            <line number="33" hits="2" branch="false" />
          </lines>
        </class>
        <class name="LoginUser.Operation.FileOperation" filename="D:\Ders\Web Programlama\BookSocialMedia\LoginUser\LoginUser.Operation\FileOperation.cs" line-rate="0.9816849816849816" branch-rate="0.975" complexity="83">
          <methods>
            <method name="ReadFromFile" signature="(...)" line-rate="1" branch-rate="1" complexity="6">
              <lines>
                <line number="17" hits="2" branch="false" />
                <line number="18" hits="2" branch="false" />
                <line number="19" hits="2" branch="false" />
                <line number="20" hits="2" branch="false" />
                <line number="21" hits="46" branch="true" condition-coverage="100% (2/2)" />
                <line number="22" hits="46" branch="false" />
                <line number="23" hits="46" branch="false" />
                <line number="24" hits="46" branch="true" condition-coverage="100% (2/2)" />
                <line number="25" hits="1" branch="false" />
                <line number="26" hits="1" branch="false" />
                <line number="28" hits="45" branch="false" />
                <line number="29" hits="45" branch="true" condition-coverage="100% (2/2)" />
                <line number="30" hits="1" branch="false" />
                <line number="31" hits="1" branch="false" />
                <line number="32" hits="1" branch="false" />
                <line number="33" hits="1" branch="false" />
                <line number="36" hits="44" branch="false" />
                <line number="37" hits="1" branch="false" />
                <line number="38" hits="1" branch="false" />
                <line number="40" hits="2" branch="false" />
              </lines>
            </method>
            <method name="ReadTheBookFromFile" signature="()" line-rate="1" branch-rate="1" complexity="4">
              <lines>
                <line number="43" hits="1" branch="false" />
                <line number="44" hits="1" branch="false" />
                <line number="45" hits="1" branch="false" />
                <line number="46" hits="1" branch="false" />
                <line number="47" hits="1" branch="false" />
                <line number="48" hits="11" branch="true" condition-coverage="100% (2/2)" />
                <line number="49" hits="11" branch="false" />
                <line number="50" hits="11" branch="false" />
                <line number="51" hits="11" branch="true" condition-coverage="100% (2/2)" />
                <line number="52" hits="1" branch="false" />
                <line number="53" hits="1" branch="false" />
                <line number="55" hits="10" branch="false" />
                <line number="56" hits="10" branch="false" />
                <line number="57" hits="10" branch="false" />
                <line number="58" hits="1" branch="false" />
                <line number="59" hits="1" branch="false" />
                <line number="60" hits="1" branch="false" />
              </lines>
            </method>
            <method name="ReadTheBookFromFileChangeTheLikeCount" signature="(...)" line-rate="1" branch-rate="1" complexity="18">
              <lines>
                <line number="63" hits="3" branch="false" />
                <line number="64" hits="3" branch="false" />
                <line number="65" hits="3" branch="false" />
                <line number="66" hits="3" branch="false" />
                <line number="67" hits="3" branch="false" />
                <line number="68" hits="3" branch="false" />
                <line number="69" hits="265" branch="true" condition-coverage="100% (2/2)" />
                <line number="70" hits="128" branch="false" />
                <line number="71" hits="128" branch="false" />
                <line number="72" hits="128" branch="true" condition-coverage="100% (2/2)" />
                <line number="73" hits="81" branch="false" />
                <line number="74" hits="81" branch="false" />
                <line number="75" hits="81" branch="false" />
                <line number="76" hits="128" branch="false" />
                <line number="77" hits="3" branch="false" />
                <line number="78" hits="17" branch="true" condition-coverage="100% (2/2)" />
                <line number="79" hits="4" branch="false" />
                <line number="80" hits="4" branch="true" condition-coverage="100% (2/2)" />
                <line number="81" hits="1" branch="false" />
                <line number="82" hits="1" branch="false" />
                <line number="83" hits="1" branch="false" />
                <line number="84" hits="4" branch="false" />
                <line number="85" hits="71" branch="true" condition-coverage="100% (2/2)" />
                <line number="86" hits="31" branch="false" />
                <line number="87" hits="31" branch="false" />
                <line number="88" hits="31" branch="true" condition-coverage="100% (2/2)" />
                <line number="89" hits="10" branch="false" />
                <line number="90" hits="10" branch="true" condition-coverage="100% (2/2)" />
                <line number="91" hits="7" branch="false" />
                <line number="92" hits="7" branch="true" condition-coverage="100% (2/2)" />
                <line number="93" hits="3" branch="false" />
                <line number="94" hits="3" branch="false" />
                <line number="95" hits="3" branch="false" />
                <line number="96" hits="3" branch="false" />
                <line number="98" hits="4" branch="false" />
                <line number="99" hits="4" branch="false" />
                <line number="100" hits="4" branch="false" />
                <line number="101" hits="4" branch="false" />
                <line number="102" hits="7" branch="false" />
                <line number="104" hits="3" branch="false" />
                <line number="106" hits="3" branch="false" />
                <line number="108" hits="10" branch="false" />
                <line number="110" hits="31" branch="false" />
                <line number="111" hits="31" branch="false" />
                <line number="112" hits="3" branch="true" condition-coverage="100% (2/2)" />
                <line number="113" hits="2" branch="false" />
                <line number="114" hits="2" branch="false" />
                <line number="115" hits="2" branch="false" />
                <line number="116" hits="2" branch="false" />
                <line number="119" hits="1" branch="false" />
                <line number="120" hits="1" branch="false" />
                <line number="122" hits="3" branch="false" />
              </lines>
            </method>
            <method name="WriteTheBookToTheFile" signature="(...)" line-rate="1" branch-rate="1" complexity="1">
              <lines>
                <line number="126" hits="1" branch="false" />
                <line number="127" hits="1" branch="false" />
                <line number="128" hits="1" branch="false" />
                <line number="129" hits="1" branch="false" />
                <line number="130" hits="1" branch="false" />
                <line number="131" hits="1" branch="false" />
                <line number="132" hits="1" branch="false" />
              </lines>
            </method>
            <method name="WriteToFile" signature="(...)" line-rate="1" branch-rate="1" complexity="1">
              <lines>
                <line number="135" hits="1" branch="false" />
                <line number="137" hits="1" branch="false" />
                <line number="138" hits="1" branch="false" />
                <line number="139" hits="1" branch="false" />
                <line number="140" hits="1" branch="false" />
                <line number="141" hits="1" branch="false" />
                <line number="142" hits="1" branch="false" />
              </lines>
            </method>
            <method name="WriteTheLikeListToTheFile" signature="(...)" line-rate="1" branch-rate="1" complexity="12">
              <lines>
                <line number="145" hits="2" branch="false" />
                <line number="146" hits="2" branch="false" />
                <line number="147" hits="2" branch="false" />
                <line number="148" hits="2" branch="false" />
                <line number="149" hits="176" branch="true" condition-coverage="100% (2/2)" />
                <line number="150" hits="85" branch="false" />
                <line number="151" hits="85" branch="false" />
                <line number="152" hits="85" branch="true" condition-coverage="100% (2/2)" />
                <line number="153" hits="81" branch="false" />
                <line number="154" hits="81" branch="true" condition-coverage="100% (2/2)" />
                <line number="155" hits="40" branch="false" />
                <line number="156" hits="40" branch="false" />
                <line number="157" hits="358" branch="true" condition-coverage="100% (2/2)" />
                <line number="158" hits="119" branch="false" />
                <line number="159" hits="119" branch="true" condition-coverage="100% (2/2)" />
                <line number="160" hits="79" branch="false" />
                <line number="161" hits="237" branch="false" />
                <line number="162" hits="79" branch="false" />
                <line number="163" hits="119" branch="false" />
                <line number="164" hits="40" branch="false" />
                <line number="165" hits="40" branch="false" />
                <line number="166" hits="40" branch="false" />
                <line number="168" hits="41" branch="false" />
                <line number="169" hits="41" branch="false" />
                <line number="170" hits="41" branch="false" />
                <line number="171" hits="41" branch="false" />
                <line number="172" hits="41" branch="false" />
                <line number="173" hits="41" branch="false" />
                <line number="174" hits="41" branch="false" />
                <line number="176" hits="81" branch="false" />
                <line number="178" hits="4" branch="false" />
                <line number="180" hits="4" branch="false" />
                <line number="181" hits="85" branch="false" />
                <line number="182" hits="85" branch="false" />
                <line number="183" hits="2" branch="true" condition-coverage="100% (2/2)" />
                <line number="184" hits="2" branch="false" />
                <line number="185" hits="2" branch="false" />
                <line number="186" hits="2" branch="false" />
                <line number="187" hits="2" branch="false" />
              </lines>
            </method>
            <method name="readControl" signature="(...)" line-rate="0.8" branch-rate="0.8" complexity="10">
              <lines>
                <line number="190" hits="2" branch="false" />
                <line number="191" hits="2" branch="false" />
                <line number="192" hits="2" branch="false" />
                <line number="193" hits="176" branch="true" condition-coverage="100% (2/2)" />
                <line number="194" hits="85" branch="false" />
                <line number="195" hits="85" branch="false" />
                <line number="196" hits="85" branch="true" condition-coverage="100% (2/2)" />
                <line number="197" hits="81" branch="false" />
                <line number="198" hits="81" branch="false" />
                <line number="199" hits="81" branch="false" />
                <line number="200" hits="85" branch="false" />
                <line number="201" hits="2" branch="false" />
                <line number="202" hits="12" branch="true" condition-coverage="100% (2/2)" />
                <line number="203" hits="3" branch="false" />
                <line number="204" hits="3" branch="true" condition-coverage="50% (1/2)" />
                <line number="205" hits="0" branch="false" />
                <line number="206" hits="0" branch="false" />
                <line number="207" hits="0" branch="false" />
                <line number="208" hits="3" branch="false" />
                <line number="209" hits="2" branch="true" condition-coverage="50% (1/2)" />
                <line number="210" hits="0" branch="false" />
                <line number="211" hits="0" branch="false" />
                <line number="214" hits="2" branch="false" />
                <line number="215" hits="2" branch="false" />
                <line number="217" hits="2" branch="false" />
              </lines>
            </method>
            <method name="WriteTheReadListToTheFile" signature="(...)" line-rate="1" branch-rate="1" complexity="20">
              <lines>
                <line number="220" hits="3" branch="false" />
                <line number="221" hits="3" branch="false" />
                <line number="222" hits="3" branch="false" />
                <line number="223" hits="3" branch="false" />
                <line number="224" hits="3" branch="false" />
                <line number="226" hits="265" branch="true" condition-coverage="100% (2/2)" />
                <line number="227" hits="128" branch="false" />
                <line number="228" hits="128" branch="false" />
                <line number="229" hits="128" branch="true" condition-coverage="100% (2/2)" />
                <line number="230" hits="82" branch="false" />
                <line number="231" hits="82" branch="false" />
                <line number="232" hits="82" branch="false" />
                <line number="233" hits="128" branch="false" />
                <line number="234" hits="3" branch="false" />
                <line number="235" hits="15" branch="true" condition-coverage="100% (2/2)" />
                <line number="236" hits="3" branch="false" />
                <line number="237" hits="3" branch="true" condition-coverage="100% (2/2)" />
                <line number="238" hits="2" branch="false" />
                <line number="239" hits="2" branch="false" />
                <line number="240" hits="2" branch="false" />
                <line number="241" hits="3" branch="false" />
                <line number="242" hits="265" branch="true" condition-coverage="100% (2/2)" />
                <line number="243" hits="128" branch="false" />
                <line number="244" hits="128" branch="false" />
                <line number="245" hits="128" branch="true" condition-coverage="100% (2/2)" />
                <line number="246" hits="82" branch="false" />
                <line number="247" hits="82" branch="true" condition-coverage="100% (2/2)" />
                <line number="248" hits="41" branch="false" />
                <line number="249" hits="41" branch="false" />
                <line number="250" hits="285" branch="true" condition-coverage="100% (2/2)" />
                <line number="251" hits="81" branch="false" />
                <line number="252" hits="81" branch="true" condition-coverage="100% (2/2)" />
                <line number="253" hits="41" branch="false" />
                <line number="254" hits="122" branch="false" />
                <line number="255" hits="41" branch="false" />
                <line number="256" hits="81" branch="false" />
                <line number="257" hits="41" branch="false" />
                <line number="258" hits="41" branch="false" />
                <line number="259" hits="41" branch="false" />
                <line number="261" hits="41" branch="false" />
                <line number="262" hits="41" branch="false" />
                <line number="263" hits="41" branch="false" />
                <line number="264" hits="41" branch="false" />
                <line number="265" hits="41" branch="false" />
                <line number="266" hits="41" branch="false" />
                <line number="267" hits="41" branch="false" />
                <line number="269" hits="82" branch="false" />
                <line number="271" hits="46" branch="false" />
                <line number="273" hits="46" branch="false" />
                <line number="274" hits="128" branch="false" />
                <line number="275" hits="128" branch="false" />
                <line number="276" hits="3" branch="true" condition-coverage="100% (2/2)" />
                <line number="277" hits="2" branch="false" />
                <line number="278" hits="2" branch="false" />
                <line number="279" hits="2" branch="false" />
                <line number="282" hits="1" branch="false" />
                <line number="283" hits="1" branch="false" />
                <line number="285" hits="3" branch="false" />
              </lines>
            </method>
            <method name="WriteCommentToFile" signature="(...)" line-rate="1" branch-rate="1" complexity="6">
              <lines>
                <line number="288" hits="2" branch="false" />
                <line number="289" hits="2" branch="false" />
                <line number="290" hits="2" branch="false" />
                <line number="291" hits="2" branch="false" />
                <line number="292" hits="50" branch="true" condition-coverage="100% (2/2)" />
                <line number="293" hits="22" branch="false" />
                <line number="294" hits="22" branch="false" />
                <line number="295" hits="22" branch="true" condition-coverage="100% (2/2)" />
                <line number="296" hits="4" branch="false" />
                <line number="297" hits="4" branch="false" />
                <line number="298" hits="4" branch="false" />
                <line number="299" hits="4" branch="false" />
                <line number="300" hits="4" branch="false" />
                <line number="301" hits="4" branch="false" />
                <line number="303" hits="4" branch="false" />
                <line number="305" hits="18" branch="false" />
                <line number="307" hits="18" branch="false" />
                <line number="308" hits="22" branch="false" />
                <line number="309" hits="22" branch="false" />
                <line number="310" hits="2" branch="true" condition-coverage="100% (2/2)" />
                <line number="311" hits="1" branch="false" />
                <line number="312" hits="1" branch="false" />
                <line number="313" hits="1" branch="false" />
                <line number="316" hits="1" branch="false" />
                <line number="317" hits="1" branch="false" />
                <line number="319" hits="2" branch="false" />
              </lines>
            </method>
            <method name="userInfo" signature="(...)" line-rate="1" branch-rate="1" complexity="4">
              <lines>
                <line number="321" hits="2" branch="false" />
                <line number="322" hits="2" branch="false" />
                <line number="323" hits="93" branch="true" condition-coverage="100% (2/2)" />
                <line number="324" hits="44" branch="false" />
                <line number="325" hits="44" branch="false" />
                <line number="326" hits="45" branch="true" condition-coverage="100% (2/2)" />
                <line number="327" hits="1" branch="false" />
                <line number="328" hits="1" branch="false" />
                <line number="329" hits="1" branch="false" />
                <line number="330" hits="1" branch="false" />
                <line number="331" hits="1" branch="false" />
                <line number="332" hits="1" branch="false" />
                <line number="333" hits="1" branch="false" />
                <line number="334" hits="1" branch="false" />
                <line number="335" hits="1" branch="false" />
                <line number="336" hits="1" branch="false" />
                <line number="339" hits="43" branch="false" />
                <line number="341" hits="43" branch="false" />
                <line number="342" hits="43" branch="false" />
                <line number="343" hits="1" branch="false" />
                <line number="344" hits="2" branch="false" />
              </lines>
            </method>
            <method name=".ctor" signature="()" line-rate="1" branch-rate="1" complexity="1">
              <lines>
                <line number="16" hits="17" branch="false" />
              </lines>
            </method>
          </methods>
          <lines>
            <line number="16" hits="17" branch="false" />
            <line number="17" hits="2" branch="false" />
            <line number="18" hits="2" branch="false" />
            <line number="19" hits="2" branch="false" />
            <line number="20" hits="2" branch="false" />
            <line number="21" hits="46" branch="true" condition-coverage="100% (2/2)" />
            <line number="22" hits="46" branch="false" />
            <line number="23" hits="46" branch="false" />
            <line number="24" hits="46" branch="true" condition-coverage="100% (2/2)" />
            <line number="25" hits="1" branch="false" />
            <line number="26" hits="1" branch="false" />
            <line number="28" hits="45" branch="false" />
            <line number="29" hits="45" branch="true" condition-coverage="100% (2/2)" />
            <line number="30" hits="1" branch="false" />
            <line number="31" hits="1" branch="false" />
            <line number="32" hits="1" branch="false" />
            <line number="33" hits="1" branch="false" />
            <line number="36" hits="44" branch="false" />
            <line number="37" hits="1" branch="false" />
            <line number="38" hits="1" branch="false" />
            <line number="40" hits="2" branch="false" />
            <line number="43" hits="1" branch="false" />
            <line number="44" hits="1" branch="false" />
            <line number="45" hits="1" branch="false" />
            <line number="46" hits="1" branch="false" />
            <line number="47" hits="1" branch="false" />
            <line number="48" hits="11" branch="true" condition-coverage="100% (2/2)" />
            <line number="49" hits="11" branch="false" />
            <line number="50" hits="11" branch="false" />
            <line number="51" hits="11" branch="true" condition-coverage="100% (2/2)" />
            <line number="52" hits="1" branch="false" />
            <line number="53" hits="1" branch="false" />
            <line number="55" hits="10" branch="false" />
            <line number="56" hits="10" branch="false" />
            <line number="57" hits="10" branch="false" />
            <line number="58" hits="1" branch="false" />
            <line number="59" hits="1" branch="false" />
            <line number="60" hits="1" branch="false" />
            <line number="63" hits="3" branch="false" />
            <line number="64" hits="3" branch="false" />
            <line number="65" hits="3" branch="false" />
            <line number="66" hits="3" branch="false" />
            <line number="67" hits="3" branch="false" />
            <line number="68" hits="3" branch="false" />
            <line number="69" hits="265" branch="true" condition-coverage="100% (2/2)" />
            <line number="70" hits="128" branch="false" />
            <line number="71" hits="128" branch="false" />
            <line number="72" hits="128" branch="true" condition-coverage="100% (2/2)" />
            <line number="73" hits="81" branch="false" />
            <line number="74" hits="81" branch="false" />
            <line number="75" hits="81" branch="false" />
            <line number="76" hits="128" branch="false" />
            <line number="77" hits="3" branch="false" />
            <line number="78" hits="17" branch="true" condition-coverage="100% (2/2)" />
            <line number="79" hits="4" branch="false" />
            <line number="80" hits="4" branch="true" condition-coverage="100% (2/2)" />
            <line number="81" hits="1" branch="false" />
            <line number="82" hits="1" branch="false" />
            <line number="83" hits="1" branch="false" />
            <line number="84" hits="4" branch="false" />
            <line number="85" hits="71" branch="true" condition-coverage="100% (2/2)" />
            <line number="86" hits="31" branch="false" />
            <line number="87" hits="31" branch="false" />
            <line number="88" hits="31" branch="true" condition-coverage="100% (2/2)" />
            <line number="89" hits="10" branch="false" />
            <line number="90" hits="10" branch="true" condition-coverage="100% (2/2)" />
            <line number="91" hits="7" branch="false" />
            <line number="92" hits="7" branch="true" condition-coverage="100% (2/2)" />
            <line number="93" hits="3" branch="false" />
            <line number="94" hits="3" branch="false" />
            <line number="95" hits="3" branch="false" />
            <line number="96" hits="3" branch="false" />
            <line number="98" hits="4" branch="false" />
            <line number="99" hits="4" branch="false" />
            <line number="100" hits="4" branch="false" />
            <line number="101" hits="4" branch="false" />
            <line number="102" hits="7" branch="false" />
            <line number="104" hits="3" branch="false" />
            <line number="106" hits="3" branch="false" />
            <line number="108" hits="10" branch="false" />
            <line number="110" hits="31" branch="false" />
            <line number="111" hits="31" branch="false" />
            <line number="112" hits="3" branch="true" condition-coverage="100% (2/2)" />
            <line number="113" hits="2" branch="false" />
            <line number="114" hits="2" branch="false" />
            <line number="115" hits="2" branch="false" />
            <line number="116" hits="2" branch="false" />
            <line number="119" hits="1" branch="false" />
            <line number="120" hits="1" branch="false" />
            <line number="122" hits="3" branch="false" />
            <line number="126" hits="1" branch="false" />
            <line number="127" hits="1" branch="false" />
            <line number="128" hits="1" branch="false" />
            <line number="129" hits="1" branch="false" />
            <line number="130" hits="1" branch="false" />
            <line number="131" hits="1" branch="false" />
            <line number="132" hits="1" branch="false" />
            <line number="135" hits="1" branch="false" />
            <line number="137" hits="1" branch="false" />
            <line number="138" hits="1" branch="false" />
            <line number="139" hits="1" branch="false" />
            <line number="140" hits="1" branch="false" />
            <line number="141" hits="1" branch="false" />
            <line number="142" hits="1" branch="false" />
            <line number="145" hits="2" branch="false" />
            <line number="146" hits="2" branch="false" />
            <line number="147" hits="2" branch="false" />
            <line number="148" hits="2" branch="false" />
            <line number="149" hits="176" branch="true" condition-coverage="100% (2/2)" />
            <line number="150" hits="85" branch="false" />
            <line number="151" hits="85" branch="false" />
            <line number="152" hits="85" branch="true" condition-coverage="100% (2/2)" />
            <line number="153" hits="81" branch="false" />
            <line number="154" hits="81" branch="true" condition-coverage="100% (2/2)" />
            <line number="155" hits="40" branch="false" />
            <line number="156" hits="40" branch="false" />
            <line number="157" hits="358" branch="true" condition-coverage="100% (2/2)" />
            <line number="158" hits="119" branch="false" />
            <line number="159" hits="119" branch="true" condition-coverage="100% (2/2)" />
            <line number="160" hits="79" branch="false" />
            <line number="161" hits="237" branch="false" />
            <line number="162" hits="79" branch="false" />
            <line number="163" hits="119" branch="false" />
            <line number="164" hits="40" branch="false" />
            <line number="165" hits="40" branch="false" />
            <line number="166" hits="40" branch="false" />
            <line number="168" hits="41" branch="false" />
            <line number="169" hits="41" branch="false" />
            <line number="170" hits="41" branch="false" />
            <line number="171" hits="41" branch="false" />
            <line number="172" hits="41" branch="false" />
            <line number="173" hits="41" branch="false" />
            <line number="174" hits="41" branch="false" />
            <line number="176" hits="81" branch="false" />
            <line number="178" hits="4" branch="false" />
            <line number="180" hits="4" branch="false" />
            <line number="181" hits="85" branch="false" />
            <line number="182" hits="85" branch="false" />
            <line number="183" hits="2" branch="true" condition-coverage="100% (2/2)" />
            <line number="184" hits="2" branch="false" />
            <line number="185" hits="2" branch="false" />
            <line number="186" hits="2" branch="false" />
            <line number="187" hits="2" branch="false" />
            <line number="190" hits="2" branch="false" />
            <line number="191" hits="2" branch="false" />
            <line number="192" hits="2" branch="false" />
            <line number="193" hits="176" branch="true" condition-coverage="100% (2/2)" />
            <line number="194" hits="85" branch="false" />
            <line number="195" hits="85" branch="false" />
            <line number="196" hits="85" branch="true" condition-coverage="100% (2/2)" />
            <line number="197" hits="81" branch="false" />
            <line number="198" hits="81" branch="false" />
            <line number="199" hits="81" branch="false" />
            <line number="200" hits="85" branch="false" />
            <line number="201" hits="2" branch="false" />
            <line number="202" hits="12" branch="true" condition-coverage="100% (2/2)" />
            <line number="203" hits="3" branch="false" />
            <line number="204" hits="3" branch="true" condition-coverage="50% (1/2)" />
            <line number="205" hits="0" branch="false" />
            <line number="206" hits="0" branch="false" />
            <line number="207" hits="0" branch="false" />
            <line number="208" hits="3" branch="false" />
            <line number="209" hits="2" branch="true" condition-coverage="50% (1/2)" />
            <line number="210" hits="0" branch="false" />
            <line number="211" hits="0" branch="false" />
            <line number="214" hits="2" branch="false" />
            <line number="215" hits="2" branch="false" />
            <line number="217" hits="2" branch="false" />
            <line number="220" hits="3" branch="false" />
            <line number="221" hits="3" branch="false" />
            <line number="222" hits="3" branch="false" />
            <line number="223" hits="3" branch="false" />
            <line number="224" hits="3" branch="false" />
            <line number="226" hits="265" branch="true" condition-coverage="100% (2/2)" />
            <line number="227" hits="128" branch="false" />
            <line number="228" hits="128" branch="false" />
            <line number="229" hits="128" branch="true" condition-coverage="100% (2/2)" />
            <line number="230" hits="82" branch="false" />
            <line number="231" hits="82" branch="false" />
            <line number="232" hits="82" branch="false" />
            <line number="233" hits="128" branch="false" />
            <line number="234" hits="3" branch="false" />
            <line number="235" hits="15" branch="true" condition-coverage="100% (2/2)" />
            <line number="236" hits="3" branch="false" />
            <line number="237" hits="3" branch="true" condition-coverage="100% (2/2)" />
            <line number="238" hits="2" branch="false" />
            <line number="239" hits="2" branch="false" />
            <line number="240" hits="2" branch="false" />
            <line number="241" hits="3" branch="false" />
            <line number="242" hits="265" branch="true" condition-coverage="100% (2/2)" />
            <line number="243" hits="128" branch="false" />
            <line number="244" hits="128" branch="false" />
            <line number="245" hits="128" branch="true" condition-coverage="100% (2/2)" />
            <line number="246" hits="82" branch="false" />
            <line number="247" hits="82" branch="true" condition-coverage="100% (2/2)" />
            <line number="248" hits="41" branch="false" />
            <line number="249" hits="41" branch="false" />
            <line number="250" hits="285" branch="true" condition-coverage="100% (2/2)" />
            <line number="251" hits="81" branch="false" />
            <line number="252" hits="81" branch="true" condition-coverage="100% (2/2)" />
            <line number="253" hits="41" branch="false" />
            <line number="254" hits="122" branch="false" />
            <line number="255" hits="41" branch="false" />
            <line number="256" hits="81" branch="false" />
            <line number="257" hits="41" branch="false" />
            <line number="258" hits="41" branch="false" />
            <line number="259" hits="41" branch="false" />
            <line number="261" hits="41" branch="false" />
            <line number="262" hits="41" branch="false" />
            <line number="263" hits="41" branch="false" />
            <line number="264" hits="41" branch="false" />
            <line number="265" hits="41" branch="false" />
            <line number="266" hits="41" branch="false" />
            <line number="267" hits="41" branch="false" />
            <line number="269" hits="82" branch="false" />
            <line number="271" hits="46" branch="false" />
            <line number="273" hits="46" branch="false" />
            <line number="274" hits="128" branch="false" />
            <line number="275" hits="128" branch="false" />
            <line number="276" hits="3" branch="true" condition-coverage="100% (2/2)" />
            <line number="277" hits="2" branch="false" />
            <line number="278" hits="2" branch="false" />
            <line number="279" hits="2" branch="false" />
            <line number="282" hits="1" branch="false" />
            <line number="283" hits="1" branch="false" />
            <line number="285" hits="3" branch="false" />
            <line number="288" hits="2" branch="false" />
            <line number="289" hits="2" branch="false" />
            <line number="290" hits="2" branch="false" />
            <line number="291" hits="2" branch="false" />
            <line number="292" hits="50" branch="true" condition-coverage="100% (2/2)" />
            <line number="293" hits="22" branch="false" />
            <line number="294" hits="22" branch="false" />
            <line number="295" hits="22" branch="true" condition-coverage="100% (2/2)" />
            <line number="296" hits="4" branch="false" />
            <line number="297" hits="4" branch="false" />
            <line number="298" hits="4" branch="false" />
            <line number="299" hits="4" branch="false" />
            <line number="300" hits="4" branch="false" />
            <line number="301" hits="4" branch="false" />
            <line number="303" hits="4" branch="false" />
            <line number="305" hits="18" branch="false" />
            <line number="307" hits="18" branch="false" />
            <line number="308" hits="22" branch="false" />
            <line number="309" hits="22" branch="false" />
            <line number="310" hits="2" branch="true" condition-coverage="100% (2/2)" />
            <line number="311" hits="1" branch="false" />
            <line number="312" hits="1" branch="false" />
            <line number="313" hits="1" branch="false" />
            <line number="316" hits="1" branch="false" />
            <line number="317" hits="1" branch="false" />
            <line number="319" hits="2" branch="false" />
            <line number="321" hits="2" branch="false" />
            <line number="322" hits="2" branch="false" />
            <line number="323" hits="93" branch="true" condition-coverage="100% (2/2)" />
            <line number="324" hits="44" branch="false" />
            <line number="325" hits="44" branch="false" />
            <line number="326" hits="45" branch="true" condition-coverage="100% (2/2)" />
            <line number="327" hits="1" branch="false" />
            <line number="328" hits="1" branch="false" />
            <line number="329" hits="1" branch="false" />
            <line number="330" hits="1" branch="false" />
            <line number="331" hits="1" branch="false" />
            <line number="332" hits="1" branch="false" />
            <line number="333" hits="1" branch="false" />
            <line number="334" hits="1" branch="false" />
            <line number="335" hits="1" branch="false" />
            <line number="336" hits="1" branch="false" />
            <line number="339" hits="43" branch="false" />
            <line number="341" hits="43" branch="false" />
            <line number="342" hits="43" branch="false" />
            <line number="343" hits="1" branch="false" />
            <line number="344" hits="2" branch="false" />
          </lines>
        </class>
        <class name="LoginUser.Operation.LoginOperation" filename="D:\Ders\Web Programlama\BookSocialMedia\LoginUser\LoginUser.Operation\LoginOperation.cs" line-rate="1" branch-rate="1" complexity="5">
          <methods>
            <method name="Login" signature="(...)" line-rate="1" branch-rate="1" complexity="4">
              <lines>
                <line number="17" hits="3" branch="false" />
                <line number="19" hits="3" branch="false" />
                <line number="20" hits="3" branch="false" />
                <line number="21" hits="4" branch="true" condition-coverage="100% (2/2)" />
                <line number="23" hits="1" branch="false" />
                <line number="25" hits="2" branch="true" condition-coverage="100% (2/2)" />
                <line number="26" hits="1" branch="false" />
                <line number="27" hits="1" branch="false" />
                <line number="29" hits="1" branch="false" />
                <line number="30" hits="3" branch="false" />
              </lines>
            </method>
            <method name=".ctor" signature="(...)" line-rate="1" branch-rate="1" complexity="1">
              <lines>
                <line number="13" hits="6" branch="false" />
                <line number="14" hits="3" branch="false" />
                <line number="15" hits="3" branch="false" />
                <line number="16" hits="3" branch="false" />
              </lines>
            </method>
          </methods>
          <lines>
            <line number="13" hits="6" branch="false" />
            <line number="14" hits="3" branch="false" />
            <line number="15" hits="3" branch="false" />
            <line number="16" hits="3" branch="false" />
            <line number="17" hits="3" branch="false" />
            <line number="19" hits="3" branch="false" />
            <line number="20" hits="3" branch="false" />
            <line number="21" hits="4" branch="true" condition-coverage="100% (2/2)" />
            <line number="23" hits="1" branch="false" />
            <line number="25" hits="2" branch="true" condition-coverage="100% (2/2)" />
            <line number="26" hits="1" branch="false" />
            <line number="27" hits="1" branch="false" />
            <line number="29" hits="1" branch="false" />
            <line number="30" hits="3" branch="false" />
          </lines>
        </class>
        <class name="LoginUser.Operation.UserOperation" filename="D:\Ders\Web Programlama\BookSocialMedia\LoginUser\LoginUser.Operation\UserOperation.cs" line-rate="1" branch-rate="1" complexity="11">
          <methods>
            <method name="CreateUser" signature="(...)" line-rate="1" branch-rate="1" complexity="8">
              <lines>
                <line number="17" hits="5" branch="false" />
                <line number="18" hits="6" branch="true" condition-coverage="100% (2/2)" />
                <line number="19" hits="1" branch="false" />
                <line number="21" hits="4" branch="true" condition-coverage="100% (2/2)" />
                <line number="22" hits="1" branch="false" />
                <line number="23" hits="1" branch="false" />
                <line number="25" hits="4" branch="true" condition-coverage="100% (2/2)" />
                <line number="26" hits="1" branch="false" />
                <line number="28" hits="2" branch="true" condition-coverage="100% (2/2)" />
                <line number="29" hits="1" branch="false" />
                <line number="30" hits="1" branch="false" />
                <line number="33" hits="1" branch="false" />
                <line number="34" hits="1" branch="false" />
                <line number="35" hits="1" branch="false" />
                <line number="36" hits="1" branch="false" />
                <line number="37" hits="1" branch="false" />
                <line number="39" hits="1" branch="false" />
                <line number="43" hits="5" branch="false" />
              </lines>
            </method>
            <method name="readListUpdate" signature="(...)" line-rate="1" branch-rate="1" complexity="1">
              <lines>
                <line number="46" hits="1" branch="false" />
                <line number="47" hits="1" branch="false" />
                <line number="48" hits="1" branch="false" />
                <line number="49" hits="1" branch="false" />
              </lines>
            </method>
            <method name="userInfo" signature="(...)" line-rate="1" branch-rate="1" complexity="1">
              <lines>
                <line number="52" hits="1" branch="false" />
                <line number="53" hits="1" branch="false" />
                <line number="54" hits="1" branch="false" />
                <line number="55" hits="1" branch="false" />
              </lines>
            </method>
            <method name=".ctor" signature="(...)" line-rate="1" branch-rate="1" complexity="1">
              <lines>
                <line number="11" hits="7" branch="false" />
                <line number="12" hits="7" branch="false" />
                <line number="13" hits="7" branch="false" />
                <line number="14" hits="7" branch="false" />
                <line number="15" hits="7" branch="false" />
              </lines>
            </method>
          </methods>
          <lines>
            <line number="11" hits="7" branch="false" />
            <line number="12" hits="7" branch="false" />
            <line number="13" hits="7" branch="false" />
            <line number="14" hits="7" branch="false" />
            <line number="15" hits="7" branch="false" />
            <line number="17" hits="5" branch="false" />
            <line number="18" hits="6" branch="true" condition-coverage="100% (2/2)" />
            <line number="19" hits="1" branch="false" />
            <line number="21" hits="4" branch="true" condition-coverage="100% (2/2)" />
            <line number="22" hits="1" branch="false" />
            <line number="23" hits="1" branch="false" />
            <line number="25" hits="4" branch="true" condition-coverage="100% (2/2)" />
            <line number="26" hits="1" branch="false" />
            <line number="28" hits="2" branch="true" condition-coverage="100% (2/2)" />
            <line number="29" hits="1" branch="false" />
            <line number="30" hits="1" branch="false" />
            <line number="33" hits="1" branch="false" />
            <line number="34" hits="1" branch="false" />
            <line number="35" hits="1" branch="false" />
            <line number="36" hits="1" branch="false" />
            <line number="37" hits="1" branch="false" />
            <line number="39" hits="1" branch="false" />
            <line number="43" hits="5" branch="false" />
            <line number="46" hits="1" branch="false" />
            <line number="47" hits="1" branch="false" />
            <line number="48" hits="1" branch="false" />
            <line number="49" hits="1" branch="false" />
            <line number="52" hits="1" branch="false" />
            <line number="53" hits="1" branch="false" />
            <line number="54" hits="1" branch="false" />
            <line number="55" hits="1" branch="false" />
          </lines>
        </class>
      </classes>
    </package>
    <package name="LoginUser.UnitTest" line-rate="0.9943342776203966" branch-rate="1" complexity="38">
      <classes>
        <class name="AutoGeneratedProgram" filename="C:\Users\Enes\.nuget\packages\microsoft.net.test.sdk\16.5.0\build\netcoreapp2.1\Microsoft.NET.Test.Sdk.Program.cs" line-rate="0" branch-rate="1" complexity="1">
          <methods>
            <method name="Main" signature="(...)" line-rate="0" branch-rate="1" complexity="1">
              <lines>
                <line number="4" hits="0" branch="false" />
              </lines>
            </method>
          </methods>
          <lines>
            <line number="4" hits="0" branch="false" />
          </lines>
        </class>
        <class name="LoginUser.UnitTest.BookOperationTest" filename="D:\Ders\Web Programlama\BookSocialMedia\LoginUser\LoginUser.UnitTest\BookOperationTest.cs" line-rate="1" branch-rate="1" complexity="7">
          <methods>
            <method name="CreateBook_Success" signature="()" line-rate="1" branch-rate="1" complexity="1">
              <lines>
                <line number="17" hits="1" branch="false" />
                <line number="18" hits="1" branch="false" />
                <line number="19" hits="1" branch="false" />
                <line number="21" hits="1" branch="false" />
                <line number="23" hits="1" branch="false" />
                <line number="25" hits="1" branch="false" />
                <line number="26" hits="1" branch="false" />
              </lines>
            </method>
            <method name="CreateBook_UserName_Empty" signature="()" line-rate="1" branch-rate="1" complexity="1">
              <lines>
                <line number="30" hits="1" branch="false" />
                <line number="32" hits="1" branch="false" />
                <line number="34" hits="1" branch="false" />
                <line number="36" hits="1" branch="false" />
                <line number="38" hits="1" branch="false" />
                <line number="39" hits="1" branch="false" />
              </lines>
            </method>
            <method name="CreateBook_BookName_Empty" signature="()" line-rate="1" branch-rate="1" complexity="1">
              <lines>
                <line number="44" hits="1" branch="false" />
                <line number="46" hits="1" branch="false" />
                <line number="48" hits="1" branch="false" />
                <line number="50" hits="1" branch="false" />
                <line number="52" hits="1" branch="false" />
                <line number="53" hits="1" branch="false" />
              </lines>
            </method>
            <method name="ReadBook_Success" signature="()" line-rate="1" branch-rate="1" complexity="1">
              <lines>
                <line number="57" hits="1" branch="false" />
                <line number="59" hits="1" branch="false" />
                <line number="60" hits="1" branch="false" />
                <line number="61" hits="1" branch="false" />
                <line number="62" hits="1" branch="false" />
                <line number="64" hits="1" branch="false" />
                <line number="66" hits="1" branch="false" />
                <line number="67" hits="1" branch="false" />
              </lines>
            </method>
            <method name="incrementLikeCount_Success" signature="()" line-rate="1" branch-rate="1" complexity="1">
              <lines>
                <line number="72" hits="1" branch="false" />
                <line number="74" hits="1" branch="false" />
                <line number="75" hits="1" branch="false" />
                <line number="76" hits="1" branch="false" />
                <line number="77" hits="1" branch="false" />
                <line number="78" hits="1" branch="false" />
                <line number="79" hits="1" branch="false" />
                <line number="81" hits="1" branch="false" />
                <line number="82" hits="1" branch="false" />
              </lines>
            </method>
            <method name="writeCommentToFile_Success" signature="()" line-rate="1" branch-rate="1" complexity="1">
              <lines>
                <line number="86" hits="1" branch="false" />
                <line number="87" hits="1" branch="false" />
                <line number="88" hits="1" branch="false" />
                <line number="89" hits="1" branch="false" />
                <line number="90" hits="1" branch="false" />
                <line number="91" hits="1" branch="false" />
                <line number="92" hits="1" branch="false" />
                <line number="93" hits="1" branch="false" />
              </lines>
            </method>
            <method name="readControl_Success" signature="()" line-rate="1" branch-rate="1" complexity="1">
              <lines>
                <line number="97" hits="1" branch="false" />
                <line number="99" hits="1" branch="false" />
                <line number="100" hits="1" branch="false" />
                <line number="101" hits="1" branch="false" />
                <line number="102" hits="1" branch="false" />
                <line number="103" hits="1" branch="false" />
                <line number="104" hits="1" branch="false" />
                <line number="106" hits="1" branch="false" />
                <line number="107" hits="1" branch="false" />
              </lines>
            </method>
          </methods>
          <lines>
            <line number="17" hits="1" branch="false" />
            <line number="18" hits="1" branch="false" />
            <line number="19" hits="1" branch="false" />
            <line number="21" hits="1" branch="false" />
            <line number="23" hits="1" branch="false" />
            <line number="25" hits="1" branch="false" />
            <line number="26" hits="1" branch="false" />
            <line number="30" hits="1" branch="false" />
            <line number="32" hits="1" branch="false" />
            <line number="34" hits="1" branch="false" />
            <line number="36" hits="1" branch="false" />
            <line number="38" hits="1" branch="false" />
            <line number="39" hits="1" branch="false" />
            <line number="44" hits="1" branch="false" />
            <line number="46" hits="1" branch="false" />
            <line number="48" hits="1" branch="false" />
            <line number="50" hits="1" branch="false" />
            <line number="52" hits="1" branch="false" />
            <line number="53" hits="1" branch="false" />
            <line number="57" hits="1" branch="false" />
            <line number="59" hits="1" branch="false" />
            <line number="60" hits="1" branch="false" />
            <line number="61" hits="1" branch="false" />
            <line number="62" hits="1" branch="false" />
            <line number="64" hits="1" branch="false" />
            <line number="66" hits="1" branch="false" />
            <line number="67" hits="1" branch="false" />
            <line number="72" hits="1" branch="false" />
            <line number="74" hits="1" branch="false" />
            <line number="75" hits="1" branch="false" />
            <line number="76" hits="1" branch="false" />
            <line number="77" hits="1" branch="false" />
            <line number="78" hits="1" branch="false" />
            <line number="79" hits="1" branch="false" />
            <line number="81" hits="1" branch="false" />
            <line number="82" hits="1" branch="false" />
            <line number="86" hits="1" branch="false" />
            <line number="87" hits="1" branch="false" />
            <line number="88" hits="1" branch="false" />
            <line number="89" hits="1" branch="false" />
            <line number="90" hits="1" branch="false" />
            <line number="91" hits="1" branch="false" />
            <line number="92" hits="1" branch="false" />
            <line number="93" hits="1" branch="false" />
            <line number="97" hits="1" branch="false" />
            <line number="99" hits="1" branch="false" />
            <line number="100" hits="1" branch="false" />
            <line number="101" hits="1" branch="false" />
            <line number="102" hits="1" branch="false" />
            <line number="103" hits="1" branch="false" />
            <line number="104" hits="1" branch="false" />
            <line number="106" hits="1" branch="false" />
            <line number="107" hits="1" branch="false" />
          </lines>
        </class>
        <class name="LoginUser.UnitTest.EncryptServiceTest" filename="D:\Ders\Web Programlama\BookSocialMedia\LoginUser\LoginUser.UnitTest\EncryptServiceTest.cs" line-rate="1" branch-rate="1" complexity="3">
          <methods>
            <method name="Encrypt_Success" signature="()" line-rate="1" branch-rate="1" complexity="1">
              <lines>
                <line number="13" hits="1" branch="false" />
                <line number="14" hits="1" branch="false" />
                <line number="15" hits="1" branch="false" />
                <line number="16" hits="1" branch="false" />
                <line number="17" hits="1" branch="false" />
                <line number="18" hits="1" branch="false" />
              </lines>
            </method>
            <method name="Encrypt_Fail" signature="()" line-rate="1" branch-rate="1" complexity="1">
              <lines>
                <line number="22" hits="1" branch="false" />
                <line number="23" hits="1" branch="false" />
                <line number="24" hits="1" branch="false" />
                <line number="25" hits="1" branch="false" />
                <line number="26" hits="1" branch="false" />
                <line number="27" hits="1" branch="false" />
              </lines>
            </method>
            <method name="Encrypt_ThrowException" signature="()" line-rate="1" branch-rate="1" complexity="1">
              <lines>
                <line number="31" hits="1" branch="false" />
                <line number="32" hits="1" branch="false" />
                <line number="33" hits="2" branch="false" />
                <line number="34" hits="1" branch="false" />
              </lines>
            </method>
          </methods>
          <lines>
            <line number="13" hits="1" branch="false" />
            <line number="14" hits="1" branch="false" />
            <line number="15" hits="1" branch="false" />
            <line number="16" hits="1" branch="false" />
            <line number="17" hits="1" branch="false" />
            <line number="18" hits="1" branch="false" />
            <line number="22" hits="1" branch="false" />
            <line number="23" hits="1" branch="false" />
            <line number="24" hits="1" branch="false" />
            <line number="25" hits="1" branch="false" />
            <line number="26" hits="1" branch="false" />
            <line number="27" hits="1" branch="false" />
            <line number="31" hits="1" branch="false" />
            <line number="32" hits="1" branch="false" />
            <line number="33" hits="2" branch="false" />
            <line number="34" hits="1" branch="false" />
          </lines>
        </class>
        <class name="LoginUser.UnitTest.FileOperationTest" filename="D:\Ders\Web Programlama\BookSocialMedia\LoginUser\LoginUser.UnitTest\FileOperationTest.cs" line-rate="0.9940476190476191" branch-rate="1" complexity="17">
          <methods>
            <method name="WriteToFile_Success" signature="()" line-rate="1" branch-rate="1" complexity="1">
              <lines>
                <line number="15" hits="1" branch="false" />
                <line number="17" hits="1" branch="false" />
                <line number="18" hits="1" branch="false" />
                <line number="19" hits="1" branch="false" />
                <line number="20" hits="1" branch="false" />
              </lines>
            </method>
            <method name="ReadFromFile_UserNotFound" signature="()" line-rate="1" branch-rate="1" complexity="1">
              <lines>
                <line number="24" hits="1" branch="false" />
                <line number="26" hits="1" branch="false" />
                <line number="27" hits="1" branch="false" />
                <line number="28" hits="1" branch="false" />
                <line number="29" hits="1" branch="false" />
              </lines>
            </method>
            <method name="ReadFromFile_Success" signature="()" line-rate="1" branch-rate="1" complexity="1">
              <lines>
                <line number="34" hits="1" branch="false" />
                <line number="36" hits="1" branch="false" />
                <line number="37" hits="1" branch="false" />
                <line number="38" hits="1" branch="false" />
                <line number="39" hits="1" branch="false" />
              </lines>
            </method>
            <method name="ReadTheBookFromFile_Success" signature="()" line-rate="1" branch-rate="1" complexity="1">
              <lines>
                <line number="45" hits="1" branch="false" />
                <line number="47" hits="1" branch="false" />
                <line number="48" hits="1" branch="false" />
                <line number="49" hits="1" branch="false" />
                <line number="50" hits="1" branch="false" />
              </lines>
            </method>
            <method name="WriteTheBookToFile_Success" signature="()" line-rate="1" branch-rate="1" complexity="1">
              <lines>
                <line number="55" hits="1" branch="false" />
                <line number="57" hits="1" branch="false" />
                <line number="58" hits="1" branch="false" />
                <line number="59" hits="1" branch="false" />
                <line number="60" hits="1" branch="false" />
              </lines>
            </method>
            <method name="ReadTheBookFromFileChangeTheLikeCount_Success" signature="()" line-rate="1" branch-rate="1" complexity="1">
              <lines>
                <line number="65" hits="1" branch="false" />
                <line number="67" hits="1" branch="false" />
                <line number="68" hits="1" branch="false" />
                <line number="69" hits="1" branch="false" />
                <line number="70" hits="1" branch="false" />
                <line number="71" hits="1" branch="false" />
                <line number="72" hits="1" branch="false" />
                <line number="73" hits="1" branch="false" />
                <line number="74" hits="1" branch="false" />
              </lines>
            </method>
            <method name="ReadTheBookFromFileChangeTheLikeCount_BookNotFound" signature="()" line-rate="1" branch-rate="1" complexity="1">
              <lines>
                <line number="79" hits="1" branch="false" />
                <line number="81" hits="1" branch="false" />
                <line number="82" hits="1" branch="false" />
                <line number="83" hits="1" branch="false" />
                <line number="84" hits="1" branch="false" />
                <line number="85" hits="1" branch="false" />
                <line number="86" hits="1" branch="false" />
                <line number="87" hits="1" branch="false" />
                <line number="88" hits="1" branch="false" />
                <line number="89" hits="1" branch="false" />
                <line number="90" hits="1" branch="false" />
                <line number="91" hits="1" branch="false" />
                <line number="92" hits="1" branch="false" />
                <line number="93" hits="1" branch="false" />
                <line number="94" hits="1" branch="false" />
              </lines>
            </method>
            <method name="readControl_Success" signature="()" line-rate="0.9333333333333333" branch-rate="1" complexity="1">
              <lines>
                <line number="99" hits="1" branch="false" />
                <line number="100" hits="1" branch="false" />
                <line number="101" hits="1" branch="false" />
                <line number="102" hits="1" branch="false" />
                <line number="103" hits="1" branch="false" />
                <line number="104" hits="1" branch="false" />
                <line number="105" hits="1" branch="false" />
                <line number="106" hits="1" branch="false" />
                <line number="107" hits="1" branch="false" />
                <line number="108" hits="1" branch="false" />
                <line number="109" hits="1" branch="false" />
                <line number="110" hits="1" branch="false" />
                <line number="111" hits="1" branch="false" />
                <line number="112" hits="1" branch="false" />
                <line number="113" hits="0" branch="false" />
              </lines>
            </method>
            <method name="readControl_Fail" signature="()" line-rate="1" branch-rate="1" complexity="1">
              <lines>
                <line number="118" hits="1" branch="false" />
                <line number="119" hits="1" branch="false" />
                <line number="120" hits="1" branch="false" />
                <line number="121" hits="1" branch="false" />
                <line number="122" hits="1" branch="false" />
                <line number="123" hits="1" branch="false" />
                <line number="124" hits="1" branch="false" />
                <line number="125" hits="1" branch="false" />
                <line number="126" hits="1" branch="false" />
                <line number="127" hits="1" branch="false" />
                <line number="128" hits="1" branch="false" />
                <line number="129" hits="1" branch="false" />
[...]
            <line number="163" hits="1" branch="false" />
            <line number="164" hits="1" branch="false" />
            <line number="165" hits="1" branch="false" />
            <line number="166" hits="1" branch="false" />
            <line number="167" hits="1" branch="false" />
            <line number="168" hits="1" branch="false" />
            <line number="169" hits="1" branch="false" />
            <line number="170" hits="1" branch="false" />
            <line number="175" hits="1" branch="false" />
            <line number="176" hits="1" branch="false" />
            <line number="177" hits="1" branch="false" />
            <line number="178" hits="1" branch="false" />
            <line number="179" hits="1" branch="false" />
            <line number="180" hits="1" branch="false" />
            <line number="181" hits="1" branch="false" />
            <line number="182" hits="1" branch="false" />
            <line number="183" hits="1" branch="false" />
            <line number="184" hits="1" branch="false" />
            <line number="185" hits="1" branch="false" />
            <line number="186" hits="1" branch="false" />
            <line number="187" hits="1" branch="false" />
            <line number="188" hits="1" branch="false" />
            <line number="189" hits="1" branch="false" />
            <line number="193" hits="1" branch="false" />
            <line number="194" hits="1" branch="false" />
            <line number="195" hits="1" branch="false" />
            <line number="196" hits="1" branch="false" />
            <line number="197" hits="1" branch="false" />
            <line number="198" hits="1" branch="false" />
            <line number="202" hits="1" branch="false" />
            <line number="203" hits="1" branch="false" />
            <line number="204" hits="1" branch="false" />
            <line number="205" hits="1" branch="false" />
            <line number="206" hits="1" branch="false" />
            <line number="207" hits="1" branch="false" />
            <line number="211" hits="1" branch="false" />
            <line number="212" hits="1" branch="false" />
            <line number="213" hits="1" branch="false" />
            <line number="214" hits="1" branch="false" />
            <line number="215" hits="1" branch="false" />
            <line number="216" hits="1" branch="false" />
            <line number="217" hits="1" branch="false" />
            <line number="220" hits="1" branch="false" />
            <line number="221" hits="1" branch="false" />
            <line number="222" hits="1" branch="false" />
            <line number="223" hits="1" branch="false" />
            <line number="224" hits="1" branch="false" />
            <line number="225" hits="1" branch="false" />
            <line number="226" hits="1" branch="false" />
            <line number="227" hits="1" branch="false" />
            <line number="228" hits="1" branch="false" />
            <line number="229" hits="1" branch="false" />
            <line number="234" hits="1" branch="false" />
            <line number="235" hits="1" branch="false" />
            <line number="236" hits="1" branch="false" />
            <line number="237" hits="1" branch="false" />
            <line number="238" hits="1" branch="false" />
            <line number="239" hits="1" branch="false" />
            <line number="240" hits="1" branch="false" />
            <line number="241" hits="1" branch="false" />
            <line number="242" hits="1" branch="false" />
            <line number="243" hits="1" branch="false" />
            <line number="244" hits="1" branch="false" />
            <line number="245" hits="1" branch="false" />
            <line number="246" hits="1" branch="false" />
            <line number="247" hits="1" branch="false" />
            <line number="248" hits="1" branch="false" />
          </lines>
        </class>
        <class name="LoginUser.UnitTest.LoginOperationTest" filename="D:\Ders\Web Programlama\BookSocialMedia\LoginUser\LoginUser.UnitTest\LoginOperationTest.cs" line-rate="1" branch-rate="1" complexity="3">
          <methods>
            <method name="Login_Succes" signature="()" line-rate="1" branch-rate="1" complexity="1">
              <lines>
                <line number="15" hits="1" branch="false" />
                <line number="17" hits="1" branch="false" />
                <line number="18" hits="1" branch="false" />
                <line number="19" hits="1" branch="false" />
                <line number="20" hits="1" branch="false" />
                <line number="21" hits="1" branch="false" />
                <line number="23" hits="1" branch="false" />
                <line number="24" hits="1" branch="false" />
                <line number="25" hits="1" branch="false" />
                <line number="27" hits="1" branch="false" />
                <line number="28" hits="1" branch="false" />
              </lines>
            </method>
            <method name="Login_WrongPassword" signature="()" line-rate="1" branch-rate="1" complexity="1">
              <lines>
                <line number="33" hits="1" branch="false" />
                <line number="35" hits="1" branch="false" />
                <line number="36" hits="1" branch="false" />
                <line number="37" hits="1" branch="false" />
                <line number="38" hits="1" branch="false" />
                <line number="39" hits="1" branch="false" />
                <line number="41" hits="1" branch="false" />
                <line number="42" hits="1" branch="false" />
                <line number="43" hits="1" branch="false" />
                <line number="45" hits="1" branch="false" />
                <line number="46" hits="1" branch="false" />
                <line number="47" hits="1" branch="false" />
              </lines>
            </method>
            <method name="Login_UserNotFound" signature="()" line-rate="1" branch-rate="1" complexity="1">
              <lines>
                <line number="52" hits="1" branch="false" />
                <line number="54" hits="1" branch="false" />
                <line number="55" hits="1" branch="false" />
                <line number="56" hits="1" branch="false" />
                <line number="57" hits="1" branch="false" />
                <line number="58" hits="1" branch="false" />
                <line number="60" hits="1" branch="false" />
                <line number="61" hits="1" branch="false" />
                <line number="62" hits="1" branch="false" />
                <line number="64" hits="1" branch="false" />
                <line number="65" hits="1" branch="false" />
                <line number="66" hits="1" branch="false" />
              </lines>
            </method>
          </methods>
          <lines>
            <line number="15" hits="1" branch="false" />
            <line number="17" hits="1" branch="false" />
            <line number="18" hits="1" branch="false" />
            <line number="19" hits="1" branch="false" />
            <line number="20" hits="1" branch="false" />
            <line number="21" hits="1" branch="false" />
            <line number="23" hits="1" branch="false" />
            <line number="24" hits="1" branch="false" />
            <line number="25" hits="1" branch="false" />
            <line number="27" hits="1" branch="false" />
            <line number="28" hits="1" branch="false" />
            <line number="33" hits="1" branch="false" />
            <line number="35" hits="1" branch="false" />
            <line number="36" hits="1" branch="false" />
            <line number="37" hits="1" branch="false" />
            <line number="38" hits="1" branch="false" />
            <line number="39" hits="1" branch="false" />
            <line number="41" hits="1" branch="false" />
            <line number="42" hits="1" branch="false" />
            <line number="43" hits="1" branch="false" />
            <line number="45" hits="1" branch="false" />
            <line number="46" hits="1" branch="false" />
            <line number="47" hits="1" branch="false" />
            <line number="52" hits="1" branch="false" />
            <line number="54" hits="1" branch="false" />
            <line number="55" hits="1" branch="false" />
            <line number="56" hits="1" branch="false" />
            <line number="57" hits="1" branch="false" />
            <line number="58" hits="1" branch="false" />
            <line number="60" hits="1" branch="false" />
            <line number="61" hits="1" branch="false" />
            <line number="62" hits="1" branch="false" />
            <line number="64" hits="1" branch="false" />
            <line number="65" hits="1" branch="false" />
            <line number="66" hits="1" branch="false" />
          </lines>
        </class>
        <class name="LoginUser.UnitTest.UserOperationTest" filename="D:\Ders\Web Programlama\BookSocialMedia\LoginUser\LoginUser.UnitTest\UserOperationTest.cs" line-rate="1" branch-rate="1" complexity="7">
          <methods>
            <method name="CreateUser_Success" signature="()" line-rate="1" branch-rate="1" complexity="1">
              <lines>
                <line number="14" hits="1" branch="false" />
                <line number="16" hits="1" branch="false" />
                <line number="17" hits="1" branch="false" />
                <line number="18" hits="1" branch="false" />
                <line number="19" hits="1" branch="false" />
                <line number="21" hits="1" branch="false" />
                <line number="23" hits="1" branch="false" />
                <line number="25" hits="1" branch="false" />
                <line number="26" hits="1" branch="false" />
                <line number="27" hits="1" branch="false" />
              </lines>
            </method>
            <method name="CreateUser_UserName_Empty" signature="()" line-rate="1" branch-rate="1" complexity="1">
              <lines>
                <line number="29" hits="1" branch="false" />
                <line number="31" hits="1" branch="false" />
                <line number="32" hits="1" branch="false" />
                <line number="34" hits="1" branch="false" />
                <line number="36" hits="1" branch="false" />
                <line number="38" hits="1" branch="false" />
                <line number="39" hits="1" branch="false" />
              </lines>
            </method>
            <method name="CreateUser_Name_Empty" signature="()" line-rate="1" branch-rate="1" complexity="1">
              <lines>
                <line number="43" hits="1" branch="false" />
                <line number="45" hits="1" branch="false" />
                <line number="46" hits="1" branch="false" />
                <line number="48" hits="1" branch="false" />
                <line number="50" hits="1" branch="false" />
                <line number="52" hits="1" branch="false" />
                <line number="53" hits="1" branch="false" />
              </lines>
            </method>
            <method name="CreateUser_Email_Empty" signature="()" line-rate="1" branch-rate="1" complexity="1">
              <lines>
                <line number="57" hits="1" branch="false" />
                <line number="59" hits="1" branch="false" />
                <line number="60" hits="1" branch="false" />
                <line number="62" hits="1" branch="false" />
                <line number="64" hits="1" branch="false" />
                <line number="66" hits="1" branch="false" />
                <line number="67" hits="1" branch="false" />
              </lines>
            </method>
            <method name="CreateUser_Password_Empty" signature="()" line-rate="1" branch-rate="1" complexity="1">
              <lines>
                <line number="71" hits="1" branch="false" />
                <line number="73" hits="1" branch="false" />
                <line number="74" hits="1" branch="false" />
                <line number="76" hits="1" branch="false" />
                <line number="78" hits="1" branch="false" />
                <line number="80" hits="1" branch="false" />
                <line number="81" hits="1" branch="false" />
              </lines>
            </method>
            <method name="readListUpdate_Success" signature="()" line-rate="1" branch-rate="1" complexity="1">
              <lines>
                <line number="85" hits="1" branch="false" />
                <line number="87" hits="1" branch="false" />
                <line number="88" hits="1" branch="false" />
                <line number="89" hits="1" branch="false" />
                <line number="90" hits="1" branch="false" />
                <line number="91" hits="1" branch="false" />
                <line number="93" hits="1" branch="false" />
                <line number="95" hits="1" branch="false" />
                <line number="96" hits="1" branch="false" />
                <line number="97" hits="1" branch="false" />
                <line number="98" hits="1" branch="false" />
                <line number="99" hits="1" branch="false" />
                <line number="100" hits="1" branch="false" />
                <line number="101" hits="1" branch="false" />
                <line number="102" hits="1" branch="false" />
                <line number="103" hits="1" branch="false" />
                <line number="104" hits="1" branch="false" />
                <line number="106" hits="1" branch="false" />
                <line number="108" hits="1" branch="false" />
                <line number="109" hits="1" branch="false" />
              </lines>
            </method>
            <method name="userInfo_Success" signature="()" line-rate="1" branch-rate="1" complexity="1">
              <lines>
                <line number="113" hits="1" branch="false" />
                <line number="115" hits="1" branch="false" />
                <line number="116" hits="1" branch="false" />
                <line number="117" hits="1" branch="false" />
                <line number="118" hits="1" branch="false" />
                <line number="119" hits="1" branch="false" />
                <line number="120" hits="1" branch="false" />
                <line number="121" hits="1" branch="false" />
                <line number="122" hits="1" branch="false" />
                <line number="123" hits="1" branch="false" />
                <line number="124" hits="1" branch="false" />
                <line number="125" hits="1" branch="false" />
                <line number="126" hits="1" branch="false" />
                <line number="128" hits="1" branch="false" />
                <line number="129" hits="1" branch="false" />
                <line number="130" hits="1" branch="false" />
                <line number="131" hits="1" branch="false" />
                <line number="132" hits="1" branch="false" />
                <line number="133" hits="1" branch="false" />
                <line number="135" hits="1" branch="false" />
                <line number="137" hits="1" branch="false" />
                <line number="138" hits="1" branch="false" />
              </lines>
            </method>
          </methods>
          <lines>
            <line number="14" hits="1" branch="false" />
            <line number="16" hits="1" branch="false" />
            <line number="17" hits="1" branch="false" />
            <line number="18" hits="1" branch="false" />
            <line number="19" hits="1" branch="false" />
            <line number="21" hits="1" branch="false" />
            <line number="23" hits="1" branch="false" />
            <line number="25" hits="1" branch="false" />
            <line number="26" hits="1" branch="false" />
            <line number="27" hits="1" branch="false" />
            <line number="29" hits="1" branch="false" />
            <line number="31" hits="1" branch="false" />
            <line number="32" hits="1" branch="false" />
            <line number="34" hits="1" branch="false" />
            <line number="36" hits="1" branch="false" />
            <line number="38" hits="1" branch="false" />
            <line number="39" hits="1" branch="false" />
            <line number="43" hits="1" branch="false" />
            <line number="45" hits="1" branch="false" />
            <line number="46" hits="1" branch="false" />
            <line number="48" hits="1" branch="false" />
            <line number="50" hits="1" branch="false" />
            <line number="52" hits="1" branch="false" />
            <line number="53" hits="1" branch="false" />
            <line number="57" hits="1" branch="false" />
            <line number="59" hits="1" branch="false" />
            <line number="60" hits="1" branch="false" />
            <line number="62" hits="1" branch="false" />
            <line number="64" hits="1" branch="false" />
            <line number="66" hits="1" branch="false" />
            <line number="67" hits="1" branch="false" />
            <line number="71" hits="1" branch="false" />
            <line number="73" hits="1" branch="false" />
            <line number="74" hits="1" branch="false" />
            <line number="76" hits="1" branch="false" />
            <line number="78" hits="1" branch="false" />
            <line number="80" hits="1" branch="false" />
            <line number="81" hits="1" branch="false" />
            <line number="85" hits="1" branch="false" />
            <line number="87" hits="1" branch="false" />
            <line number="88" hits="1" branch="false" />
            <line number="89" hits="1" branch="false" />
            <line number="90" hits="1" branch="false" />
            <line number="91" hits="1" branch="false" />
            <line number="93" hits="1" branch="false" />
            <line number="95" hits="1" branch="false" />
            <line number="96" hits="1" branch="false" />
            <line number="97" hits="1" branch="false" />
            <line number="98" hits="1" branch="false" />
            <line number="99" hits="1" branch="false" />
            <line number="100" hits="1" branch="false" />
            <line number="101" hits="1" branch="false" />
            <line number="102" hits="1" branch="false" />
            <line number="103" hits="1" branch="false" />
            <line number="104" hits="1" branch="false" />
            <line number="106" hits="1" branch="false" />
            <line number="108" hits="1" branch="false" />
            <line number="109" hits="1" branch="false" />
            <line number="113" hits="1" branch="false" />
            <line number="115" hits="1" branch="false" />
            <line number="116" hits="1" branch="false" />
            <line number="117" hits="1" branch="false" />
            <line number="118" hits="1" branch="false" />
            <line number="119" hits="1" branch="false" />
            <line number="120" hits="1" branch="false" />
            <line number="121" hits="1" branch="false" />
            <line number="122" hits="1" branch="false" />
            <line number="123" hits="1" branch="false" />
            <line number="124" hits="1" branch="false" />
            <line number="125" hits="1" branch="false" />
            <line number="126" hits="1" branch="false" />
            <line number="128" hits="1" branch="false" />
            <line number="129" hits="1" branch="false" />
            <line number="130" hits="1" branch="false" />
            <line number="131" hits="1" branch="false" />
            <line number="132" hits="1" branch="false" />
            <line number="133" hits="1" branch="false" />
            <line number="135" hits="1" branch="false" />
            <line number="137" hits="1" branch="false" />
            <line number="138" hits="1" branch="false" />
          </lines>
        </class>
      </classes>
    </package>
  </packages>
</coverage>